This is pdfTeX, Version 3.1415926-2.4-1.40.13 (TeX Live 2012) (format=pdflatex 2012.11.6)  12 SEP 2014 00:59
entering extended mode
 restricted \write18 enabled.
 %&-line parsing enabled.
**confer-hcomp-14.tex
(./confer-hcomp-14.tex
LaTeX2e <2011/06/27>
Babel <v3.8m> and hyphenation patterns for english, dumylang, nohyphenation, ge
rman-x-2012-05-30, ngerman-x-2012-05-30, afrikaans, ancientgreek, ibycus, arabi
c, armenian, basque, bulgarian, catalan, pinyin, coptic, croatian, czech, danis
h, dutch, ukenglish, usenglishmax, esperanto, estonian, ethiopic, farsi, finnis
h, french, friulan, galician, german, ngerman, swissgerman, monogreek, greek, h
ungarian, icelandic, assamese, bengali, gujarati, hindi, kannada, malayalam, ma
rathi, oriya, panjabi, tamil, telugu, indonesian, interlingua, irish, italian, 
kurmanji, latin, latvian, lithuanian, mongolian, mongolianlmc, bokmal, nynorsk,
 polish, portuguese, romanian, romansh, russian, sanskrit, serbian, serbianc, s
lovak, slovenian, spanish, swedish, turkish, turkmen, ukrainian, uppersorbian, 
welsh, loaded.
(/usr/local/texlive/2012/texmf-dist/tex/latex/base/article.cls
Document Class: article 2007/10/19 v1.4h Standard LaTeX document class
(/usr/local/texlive/2012/texmf-dist/tex/latex/base/size10.clo
File: size10.clo 2007/10/19 v1.4h Standard LaTeX file (size option)
)
\c@part=\count79
\c@section=\count80
\c@subsection=\count81
\c@subsubsection=\count82
\c@paragraph=\count83
\c@subparagraph=\count84
\c@figure=\count85
\c@table=\count86
\abovecaptionskip=\skip41
\belowcaptionskip=\skip42
\bibindent=\dimen102
) (./aaai.sty
Conference Style for AAAI for LaTeX 2e -- version of 1 December 2013
\titlebox=\skip43
) (./fixbib.sty
Named Citation Style, version of 30 November 1994
) (/usr/local/texlive/2012/texmf-dist/tex/latex/psnfss/times.sty
Package: times 2005/04/12 PSNFSS-v9.2a (SPQR) 
)
(/usr/local/texlive/2012/texmf-dist/tex/latex/psnfss/helvet.sty
Package: helvet 2005/04/12 PSNFSS-v9.2a (WaS) 

(/usr/local/texlive/2012/texmf-dist/tex/latex/graphics/keyval.sty
Package: keyval 1999/03/16 v1.13 key=value parser (DPC)
\KV@toks@=\toks14
))
(/usr/local/texlive/2012/texmf-dist/tex/latex/psnfss/courier.sty
Package: courier 2005/04/12 PSNFSS-v9.2a (WaS) 
)
(/usr/local/texlive/2012/texmf-dist/tex/latex/graphics/graphicx.sty
Package: graphicx 1999/02/16 v1.0f Enhanced LaTeX Graphics (DPC,SPQR)

(/usr/local/texlive/2012/texmf-dist/tex/latex/graphics/graphics.sty
Package: graphics 2009/02/05 v1.0o Standard LaTeX Graphics (DPC,SPQR)

(/usr/local/texlive/2012/texmf-dist/tex/latex/graphics/trig.sty
Package: trig 1999/03/16 v1.09 sin cos tan (DPC)
)
(/usr/local/texlive/2012/texmf-dist/tex/latex/latexconfig/graphics.cfg
File: graphics.cfg 2010/04/23 v1.9 graphics configuration of TeX Live
)
Package graphics Info: Driver file: pdftex.def on input line 91.

(/usr/local/texlive/2012/texmf-dist/tex/latex/pdftex-def/pdftex.def
File: pdftex.def 2011/05/27 v0.06d Graphics/color for pdfTeX

(/usr/local/texlive/2012/texmf-dist/tex/generic/oberdiek/infwarerr.sty
Package: infwarerr 2010/04/08 v1.3 Providing info/warning/error messages (HO)
)
(/usr/local/texlive/2012/texmf-dist/tex/generic/oberdiek/ltxcmds.sty
Package: ltxcmds 2011/11/09 v1.22 LaTeX kernel commands for general use (HO)
)
\Gread@gobject=\count87
))
\Gin@req@height=\dimen103
\Gin@req@width=\dimen104
)
(/usr/local/texlive/2012/texmf-dist/tex/latex/tools/enumerate.sty
Package: enumerate 1999/03/05 v3.00 enumerate extensions (DPC)
\@enLab=\toks15
)
(./confer-hcomp-14.aux)
\openout1 = `confer-hcomp-14.aux'.

LaTeX Font Info:    Checking defaults for OML/cmm/m/it on input line 17.
LaTeX Font Info:    ... okay on input line 17.
LaTeX Font Info:    Checking defaults for T1/cmr/m/n on input line 17.
LaTeX Font Info:    ... okay on input line 17.
LaTeX Font Info:    Checking defaults for OT1/cmr/m/n on input line 17.
LaTeX Font Info:    ... okay on input line 17.
LaTeX Font Info:    Checking defaults for OMS/cmsy/m/n on input line 17.
LaTeX Font Info:    ... okay on input line 17.
LaTeX Font Info:    Checking defaults for OMX/cmex/m/n on input line 17.
LaTeX Font Info:    ... okay on input line 17.
LaTeX Font Info:    Checking defaults for U/cmr/m/n on input line 17.
LaTeX Font Info:    ... okay on input line 17.
LaTeX Font Info:    Try loading font information for OT1+ptm on input line 17.

(/usr/local/texlive/2012/texmf-dist/tex/latex/psnfss/ot1ptm.fd
File: ot1ptm.fd 2001/06/04 font definitions for OT1/ptm.
)
(/usr/local/texlive/2012/texmf-dist/tex/context/base/supp-pdf.mkii
[Loading MPS to PDF converter (version 2006.09.02).]
\scratchcounter=\count88
\scratchdimen=\dimen105
\scratchbox=\box26
\nofMPsegments=\count89
\nofMParguments=\count90
\everyMPshowfont=\toks16
\MPscratchCnt=\count91
\MPscratchDim=\dimen106
\MPnumerator=\count92
\makeMPintoPDFobject=\count93
\everyMPtoPDFconversion=\toks17
) (/usr/local/texlive/2012/texmf-dist/tex/generic/oberdiek/pdftexcmds.sty
Package: pdftexcmds 2011/11/29 v0.20 Utility functions of pdfTeX for LuaTeX (HO
)

(/usr/local/texlive/2012/texmf-dist/tex/generic/oberdiek/ifluatex.sty
Package: ifluatex 2010/03/01 v1.3 Provides the ifluatex switch (HO)
Package ifluatex Info: LuaTeX not detected.
)
(/usr/local/texlive/2012/texmf-dist/tex/generic/oberdiek/ifpdf.sty
Package: ifpdf 2011/01/30 v2.3 Provides the ifpdf switch (HO)
Package ifpdf Info: pdfTeX in PDF mode is detected.
)
Package pdftexcmds Info: LuaTeX not detected.
Package pdftexcmds Info: \pdf@primitive is available.
Package pdftexcmds Info: \pdf@ifprimitive is available.
Package pdftexcmds Info: \pdfdraftmode found.
)
(/usr/local/texlive/2012/texmf-dist/tex/latex/oberdiek/epstopdf-base.sty
Package: epstopdf-base 2010/02/09 v2.5 Base part for package epstopdf

(/usr/local/texlive/2012/texmf-dist/tex/latex/oberdiek/grfext.sty
Package: grfext 2010/08/19 v1.1 Manage graphics extensions (HO)

(/usr/local/texlive/2012/texmf-dist/tex/generic/oberdiek/kvdefinekeys.sty
Package: kvdefinekeys 2011/04/07 v1.3 Define keys (HO)
))
(/usr/local/texlive/2012/texmf-dist/tex/latex/oberdiek/kvoptions.sty
Package: kvoptions 2011/06/30 v3.11 Key value format for package options (HO)

(/usr/local/texlive/2012/texmf-dist/tex/generic/oberdiek/kvsetkeys.sty
Package: kvsetkeys 2012/04/25 v1.16 Key value parser (HO)

(/usr/local/texlive/2012/texmf-dist/tex/generic/oberdiek/etexcmds.sty
Package: etexcmds 2011/02/16 v1.5 Avoid name clashes with e-TeX commands (HO)
Package etexcmds Info: Could not find \expanded.
(etexcmds)             That can mean that you are not using pdfTeX 1.50 or
(etexcmds)             that some package has redefined \expanded.
(etexcmds)             In the latter case, load this package earlier.
)))
Package grfext Info: Graphics extension search list:
(grfext)             [.png,.pdf,.jpg,.mps,.jpeg,.jbig2,.jb2,.PNG,.PDF,.JPG,.JPE
G,.JBIG2,.JB2,.eps]
(grfext)             \AppendGraphicsExtensions on input line 452.

(/usr/local/texlive/2012/texmf-dist/tex/latex/latexconfig/epstopdf-sys.cfg
File: epstopdf-sys.cfg 2010/07/13 v1.3 Configuration of (r)epstopdf for TeX Liv
e
))
LaTeX Font Info:    Font shape `OT1/ptm/bx/n' in size <14.4> not available
(Font)              Font shape `OT1/ptm/b/n' tried instead on input line 51.
LaTeX Font Info:    External font `cmex10' loaded for size
(Font)              <7> on input line 51.
LaTeX Font Info:    External font `cmex10' loaded for size
(Font)              <5> on input line 51.
LaTeX Font Info:    Font shape `OT1/ptm/bx/n' in size <12> not available
(Font)              Font shape `OT1/ptm/b/n' tried instead on input line 51.

Overfull \vbox (2.22913pt too high) detected at line 51
 []

LaTeX Font Info:    Try loading font information for OMS+ptm on input line 51.
(/usr/local/texlive/2012/texmf-dist/tex/latex/psnfss/omsptm.fd
File: omsptm.fd 
)
LaTeX Font Info:    Font shape `OMS/ptm/m/n' in size <9> not available
(Font)              Font shape `OMS/cmsy/m/n' tried instead on input line 51.
LaTeX Font Info:    Font shape `OT1/ptm/bx/n' in size <10> not available
(Font)              Font shape `OT1/ptm/b/n' tried instead on input line 52.

Underfull \hbox (badness 1540) in paragraph at lines 56--57
\OT1/ptm/m/n/9 ex-plore the de-sign space of \OT1/ptm/m/it/9 community-
 []


Underfull \vbox (badness 1400) has occurred while \output is active []

 [1{/usr/local/texlive/2012/texmf-var/fonts/map/pdftex/updmap/pdftex.map}



]
<all-accepted-papers.png, id=10, 772.8875pt x 722.7pt>
File: all-accepted-papers.png Graphic file (type png)

<use all-accepted-papers.png>
Package pdftex.def Info: all-accepted-papers.png used on input line 76.
(pdftex.def)             Requested size: 215.45348pt x 201.46138pt.
 [2 <./all-accepted-papers.png>]
LaTeX Font Info:    Font shape `OT1/ptm/bx/n' in size <10.95> not available
(Font)              Font shape `OT1/ptm/b/n' tried instead on input line 122.

<author-sourcing.png, id=14, 1027.84pt x 473.77pt>
File: author-sourcing.png Graphic file (type png)
 <use author-sourcing.png>
Package pdftex.def Info: author-sourcing.png used on input line 126.
(pdftex.def)             Requested size: 215.45348pt x 99.30667pt.

[3 <./author-sourcing.png>]
Underfull \hbox (badness 1852) in paragraph at lines 138--139
\OT1/ptm/m/n/10 We use the \OT1/ptm/m/it/10 Con-fer \OT1/ptm/m/n/10 in-ter-face
 (Fig-ure 1[]) for attendee-
 []

<confer-search.png, id=18, 784.9325pt x 696.6025pt>
File: confer-search.png Graphic file (type png)
 <use confer-search.png>
Package pdftex.def Info: confer-search.png used on input line 144.
(pdftex.def)             Requested size: 215.45348pt x 191.19957pt.


LaTeX Warning: `!h' float specifier changed to `!ht'.

<confer-recommendations.png, id=19, 778.91pt x 740.7675pt>
File: confer-recommendations.png Graphic file (type png)

<use confer-recommendations.png>
Package pdftex.def Info: confer-recommendations.png used on input line 153.
(pdftex.def)             Requested size: 215.45348pt x 204.89287pt.


LaTeX Warning: `!h' float specifier changed to `!ht'.

<chi-announcement-2.png, id=20, 602.25pt x 194.7275pt>
File: chi-announcement-2.png Graphic file (type png)

<use chi-announcement-2.png>
Package pdftex.def Info: chi-announcement-2.png used on input line 161.
(pdftex.def)             Requested size: 215.45348pt x 69.66208pt.


LaTeX Warning: `!h' float specifier changed to `!ht'.

[4 <./confer-search.png>]
<chi-announcement-1.png, id=27, 604.2575pt x 208.78pt>
File: chi-announcement-1.png Graphic file (type png)

<use chi-announcement-1.png>
Package pdftex.def Info: chi-announcement-1.png used on input line 171.
(pdftex.def)             Requested size: 215.45348pt x 74.44075pt.

<attendees-response.png, id=28, 617.30624pt x 211.79124pt>
File: attendees-response.png Graphic file (type png)

<use attendees-response.png>
Package pdftex.def Info: attendees-response.png used on input line 181.
(pdftex.def)             Requested size: 215.45348pt x 73.91798pt.

Underfull \hbox (badness 1609) in paragraph at lines 194--195
[]\OT1/ptm/b/n/10 H2: \OT1/ptm/m/n/10 Attendee-sourcing pro-vides more al-ter-n
a-
 []


Underfull \hbox (badness 1622) in paragraph at lines 200--202
\OT1/ptm/m/n/10 In this sec-tion we present a com-par-a-tive anal-y-sis for
 []

[5 <./confer-recommendations.png> <./chi-announcement-2.png> <./chi-announcemen
t-1.png> <./attendees-response.png>]
Underfull \hbox (badness 1072) in paragraph at lines 214--216
[]\OT1/ptm/m/n/10 We com-pare attendee-sourcing and author-sourcing
 []


Underfull \hbox (badness 1838) in paragraph at lines 216--217
[]\OT1/ptm/m/it/10 We didn't find any pair for which attendee-
 []


Underfull \hbox (badness 1365) in paragraph at lines 216--217
\OT1/ptm/m/it/10 sourcing re-ported a zero affin-ity and author-
 []


Underfull \hbox (badness 1377) in paragraph at lines 216--217
\OT1/ptm/m/n/10 that author-sourcing can dis-cover. Also, there
 []


Underfull \hbox (badness 1028) in paragraph at lines 222--223
[]\OT1/ptm/m/n/10 In author-sourcing, au-thors se-lect their pref-er-ences
 []

[6]
Underfull \hbox (badness 1389) in paragraph at lines 241--242
[]\OT1/ptm/m/it/10 Reduce Con-flicts. \OT1/ptm/m/n/10 This is straight-forward 
-- don't
 []

<crowded-room.png, id=38, 722.7pt x 542.025pt>
File: crowded-room.png Graphic file (type png)
 <use crowded-room.png>
Package pdftex.def Info: crowded-room.png used on input line 247.
(pdftex.def)             Requested size: 215.45348pt x 161.59146pt.

Underfull \vbox (badness 1354) has occurred while \output is active []


Underfull \hbox (badness 1221) in paragraph at lines 262--263
[]\OT1/ptm/m/it/10 Author-Sourcing gives Pre-ci-sion, Attendee-Sourcing
 []

[7 <./crowded-room.png>]
Underfull \hbox (badness 2818) in paragraph at lines 272--273
[]\OT1/ptm/b/n/10 Attendee-Sourcing Pro-vides Valu-able Data: \OT1/ptm/m/n/10 W
e
 []

(./confer-hcomp-14.bbl [8]) [9] (./confer-hcomp-14.aux)

LaTeX Warning: Label(s) may have changed. Rerun to get cross-references right.

 ) 
Here is how much of TeX's memory you used:
 1687 strings out of 493488
 25098 string characters out of 3141326
 88736 words of memory out of 3000000
 4968 multiletter control sequences out of 15000+200000
 18458 words of font info for 34 fonts, out of 3000000 for 9000
 957 hyphenation exceptions out of 8191
 37i,10n,23p,1854b,304s stack positions out of 5000i,500n,10000p,200000b,50000s
{/usr/local/texlive/2012/texmf-dist/fonts/enc/dvips/base/8r.enc}</usr/local/t
exlive/2012/texmf-dist/fonts/type1/public/amsfonts/cm/cmmi10.pfb></usr/local/te
xlive/2012/texmf-dist/fonts/type1/public/amsfonts/cm/cmr10.pfb></usr/local/texl
ive/2012/texmf-dist/fonts/type1/public/amsfonts/cm/cmsy9.pfb></usr/local/texliv
e/2012/texmf-dist/fonts/type1/urw/times/utmb8a.pfb></usr/local/texlive/2012/tex
mf-dist/fonts/type1/urw/times/utmr8a.pfb></usr/local/texlive/2012/texmf-dist/fo
nts/type1/urw/times/utmri8a.pfb>
Output written on confer-hcomp-14.pdf (9 pages, 5575957 bytes).
PDF statistics:
 72 PDF objects out of 1000 (max. 8388607)
 42 compressed objects within 1 object stream
 0 named destinations out of 1000 (max. 500000)
 41 words of extra memory for PDF output out of 10000 (max. 10000000)

